<?xml version="1.0" encoding="UTF-8"?>
<!-- Generated by org.testng.reporters.JUnitReportReporter -->
<testsuite hostname="Umas-MacBook-Pro.local" failures="0" tests="1" name="SampleTest" time="14.771" errors="0" timestamp="2022-07-19T19:08:55 IST" skipped="0">
  <testcase classname="SampleTest" name="test" time="14.771"/>
  <system-out/>
</testsuite> <!-- SampleTest -->
